<?xml version="1.0" encoding="UTF-8"?>
<!-- Generated by org.testng.reporters.JUnitXMLReporter -->
<testsuite ignored="0" hostname="Mrigeshs-MacBook-Pro.local" failures="0" tests="5" name="Default test" time="405.4" errors="0" timestamp="2022-04-12T00:53:56 GMT-04:00">
  <testcase classname="SeleniumProject.mypackage.AppTest" name="scenario1Test" time="45.859"/>
  <testcase classname="SeleniumProject.mypackage.AppTest" name="scenario2Test" time="91.452"/>
  <testcase classname="SeleniumProject.mypackage.AppTest" name="scenario3Test" time="81.095"/>
  <testcase classname="SeleniumProject.mypackage.AppTest" name="scenario4Test" time="45.696"/>
  <testcase classname="SeleniumProject.mypackage.AppTest" name="scenario5Test" time="129.168"/>
</testsuite> <!-- Default test -->
