<?xml version="1.0" encoding="UTF-8"?>
<testng-results ignored="0" total="5" passed="5" failed="0" skipped="0">
  <reporter-output>
  </reporter-output>
  <suite started-at="2022-04-12T00:47:06 GMT-04:00" name="Default suite" finished-at="2022-04-12T00:53:51 GMT-04:00" duration-ms="405400">
    <groups>
    </groups>
    <test started-at="2022-04-12T00:47:06 GMT-04:00" name="Default test" finished-at="2022-04-12T00:53:51 GMT-04:00" duration-ms="405400">
      <class name="SeleniumProject.mypackage.AppTest">
        <test-method is-config="true" signature="beforeTest()[pri:0, instance:SeleniumProject.mypackage.AppTest@481a996b]" started-at="2022-04-12T00:47:06 GMT-04:00" name="beforeTest" finished-at="2022-04-12T00:47:15 GMT-04:00" duration-ms="8810" status="PASS">
          <reporter-output>
          </reporter-output>
        </test-method> <!-- beforeTest -->
        <test-method is-config="true" signature="beforeClass()[pri:0, instance:SeleniumProject.mypackage.AppTest@481a996b]" started-at="2022-04-12T00:47:15 GMT-04:00" name="beforeClass" finished-at="2022-04-12T00:47:15 GMT-04:00" duration-ms="325" status="PASS">
          <reporter-output>
          </reporter-output>
        </test-method> <!-- beforeClass -->
        <test-method signature="scenario1Test()[pri:0, instance:SeleniumProject.mypackage.AppTest@481a996b]" started-at="2022-04-12T00:47:15 GMT-04:00" name="scenario1Test" finished-at="2022-04-12T00:48:01 GMT-04:00" duration-ms="45859" status="PASS">
          <reporter-output>
          </reporter-output>
        </test-method> <!-- scenario1Test -->
        <test-method is-config="true" signature="afterTest()[pri:0, instance:SeleniumProject.mypackage.AppTest@481a996b]" started-at="2022-04-12T00:48:01 GMT-04:00" name="afterTest" finished-at="2022-04-12T00:48:01 GMT-04:00" duration-ms="493" status="PASS">
          <reporter-output>
          </reporter-output>
        </test-method> <!-- afterTest -->
        <test-method signature="scenario2Test()[pri:1, instance:SeleniumProject.mypackage.AppTest@481a996b]" started-at="2022-04-12T00:48:01 GMT-04:00" name="scenario2Test" finished-at="2022-04-12T00:49:33 GMT-04:00" duration-ms="91452" status="PASS">
          <reporter-output>
          </reporter-output>
        </test-method> <!-- scenario2Test -->
        <test-method is-config="true" signature="afterTest()[pri:0, instance:SeleniumProject.mypackage.AppTest@481a996b]" started-at="2022-04-12T00:49:33 GMT-04:00" name="afterTest" finished-at="2022-04-12T00:49:33 GMT-04:00" duration-ms="556" status="PASS">
          <reporter-output>
          </reporter-output>
        </test-method> <!-- afterTest -->
        <test-method signature="scenario3Test()[pri:2, instance:SeleniumProject.mypackage.AppTest@481a996b]" started-at="2022-04-12T00:49:33 GMT-04:00" name="scenario3Test" finished-at="2022-04-12T00:50:55 GMT-04:00" duration-ms="81095" status="PASS">
          <reporter-output>
          </reporter-output>
        </test-method> <!-- scenario3Test -->
        <test-method is-config="true" signature="afterTest()[pri:0, instance:SeleniumProject.mypackage.AppTest@481a996b]" started-at="2022-04-12T00:50:55 GMT-04:00" name="afterTest" finished-at="2022-04-12T00:50:55 GMT-04:00" duration-ms="553" status="PASS">
          <reporter-output>
          </reporter-output>
        </test-method> <!-- afterTest -->
        <test-method signature="scenario4Test()[pri:3, instance:SeleniumProject.mypackage.AppTest@481a996b]" started-at="2022-04-12T00:50:55 GMT-04:00" name="scenario4Test" finished-at="2022-04-12T00:51:41 GMT-04:00" duration-ms="45696" status="PASS">
          <reporter-output>
          </reporter-output>
        </test-method> <!-- scenario4Test -->
        <test-method is-config="true" signature="afterTest()[pri:0, instance:SeleniumProject.mypackage.AppTest@481a996b]" started-at="2022-04-12T00:51:41 GMT-04:00" name="afterTest" finished-at="2022-04-12T00:51:41 GMT-04:00" duration-ms="123" status="PASS">
          <reporter-output>
          </reporter-output>
        </test-method> <!-- afterTest -->
        <test-method signature="scenario5Test()[pri:4, instance:SeleniumProject.mypackage.AppTest@481a996b]" started-at="2022-04-12T00:51:41 GMT-04:00" name="scenario5Test" finished-at="2022-04-12T00:53:50 GMT-04:00" duration-ms="129168" status="PASS">
          <reporter-output>
          </reporter-output>
        </test-method> <!-- scenario5Test -->
        <test-method is-config="true" signature="afterTest()[pri:0, instance:SeleniumProject.mypackage.AppTest@481a996b]" started-at="2022-04-12T00:53:50 GMT-04:00" name="afterTest" finished-at="2022-04-12T00:53:51 GMT-04:00" duration-ms="740" status="PASS">
          <reporter-output>
          </reporter-output>
        </test-method> <!-- afterTest -->
        <test-method is-config="true" signature="afterClass()[pri:0, instance:SeleniumProject.mypackage.AppTest@481a996b]" started-at="2022-04-12T00:53:51 GMT-04:00" name="afterClass" finished-at="2022-04-12T00:53:51 GMT-04:00" duration-ms="452" status="PASS">
          <reporter-output>
          </reporter-output>
        </test-method> <!-- afterClass -->
        <test-method is-config="true" signature="afterTest()[pri:0, instance:SeleniumProject.mypackage.AppTest@481a996b]" started-at="2022-04-12T00:53:51 GMT-04:00" name="afterTest" finished-at="2022-04-12T00:53:51 GMT-04:00" duration-ms="1" status="PASS">
          <reporter-output>
          </reporter-output>
        </test-method> <!-- afterTest -->
      </class> <!-- SeleniumProject.mypackage.AppTest -->
    </test> <!-- Default test -->
  </suite> <!-- Default suite -->
</testng-results>
